[2023-02-24T22:43:15.460Z] [Error] [An invalid IP address was specified: 666]
[2023-02-24T22:43:17.126Z] [Error] [An invalid IP address was specified: 1]
[2023-02-24T22:43:29.242Z] [Report] [{"threat.indicator.last_seen":"2023-02-24T22:43:18.000Z","geo.name":"Ziwa","organization.name":"Weyland-Yutani Corp","threat.tactic.name":"Reconnaissance","observer.type":"Firewall","source.ip":"192.168.1.1","destination.ip":"6.6.6.6","threat.response.description":""}]
[2023-02-24T22:43:29.273Z] [Sent] [Notifying: BDE]
[2023-02-24T22:43:32.300Z] [Recieved] [Response: No connection could be made because the target machine actively refused it.]
[2023-02-24T22:43:35.313Z] [Sent] [Notifying: DIV]
[2023-02-24T22:43:38.358Z] [Recieved] [Response: No connection could be made because the target machine actively refused it.]
[2023-02-24T22:43:41.356Z] [Sent] [Notifying: Corps]
[2023-02-24T22:43:44.387Z] [Recieved] [Response: No connection could be made because the target machine actively refused it.]
[2023-02-24T22:43:47.386Z] [Sent] [Notifying: NEC]
[2023-02-24T22:43:50.446Z] [Recieved] [Response: No connection could be made because the target machine actively refused it.]
[2023-02-24T22:43:53.455Z] [Sent] [Notifying: RCC]
[2023-02-24T22:43:56.498Z] [Recieved] [Response: No connection could be made because the target machine actively refused it.]
[2023-02-24T22:43:59.505Z] [Sent] [Notifying: ACOIC]
[2023-02-24T22:44:02.556Z] [Recieved] [Response: No connection could be made because the target machine actively refused it.]
[2023-02-24T22:45:17.506Z] [Error] [An invalid IP address was specified: 666]
[2023-02-24T22:45:19.376Z] [Error] [An invalid IP address was specified: 1]
[2023-02-24T22:45:30.477Z] [Report] [{"threat.indicator.last_seen":"2023-02-24T22:45:20.000Z","geo.name":"Ziwa","organization.name":"Weyland-Yutani Corp","threat.tactic.name":"Reconnaissance","observer.type":"Firewall","source.ip":"192.168.1.55","destination.ip":"1.1.1.1","threat.response.description":""}]
[2023-02-24T22:45:30.511Z] [Sent] [Notifying: BDE]
[2023-02-24T22:45:33.569Z] [Error] [No connection could be made because the target machine actively refused it.]
[2023-02-24T22:45:36.596Z] [Sent] [Notifying: DIV]
[2023-02-24T22:45:39.617Z] [Error] [No connection could be made because the target machine actively refused it.]
[2023-02-24T22:45:42.631Z] [Sent] [Notifying: Corps]
[2023-02-24T22:45:45.660Z] [Error] [No connection could be made because the target machine actively refused it.]
[2023-02-24T22:45:48.663Z] [Sent] [Notifying: NEC]
[2023-02-24T22:45:51.723Z] [Error] [No connection could be made because the target machine actively refused it.]
[2023-02-24T22:45:54.737Z] [Sent] [Notifying: RCC]
[2023-02-24T22:45:57.788Z] [Error] [No connection could be made because the target machine actively refused it.]
[2023-02-24T22:46:00.800Z] [Sent] [Notifying: ACOIC]
[2023-02-24T22:46:03.835Z] [Error] [No connection could be made because the target machine actively refused it.]
